  [1m[36m (36.4ms)[0m  [1mCREATE TABLE "schema_migrations" ("version" character varying NOT NULL) [0m
  [1m[35m (2.3ms)[0m  CREATE UNIQUE INDEX  "unique_schema_migrations" ON "schema_migrations"  ("version")
  [1m[36mActiveRecord::SchemaMigration Load (1.0ms)[0m  [1mSELECT "schema_migrations".* FROM "schema_migrations"[0m


Started GET "/" for ::1 at 2017-10-08 16:43:43 +0300
Processing by Rails::WelcomeController#index as HTML
  Rendered /Users/giyas/.rbenv/versions/2.4.0/lib/ruby/gems/2.4.0/gems/railties-4.2.8/lib/rails/templates/rails/welcome/index.html.erb (3.2ms)
Completed 200 OK in 79ms (Views: 78.5ms | ActiveRecord: 0.0ms)
  [1m[36mActiveRecord::SchemaMigration Load (0.5ms)[0m  [1mSELECT "schema_migrations".* FROM "schema_migrations"[0m
Migrating to CreateFoos (20171008141817)
  [1m[35m (0.5ms)[0m  BEGIN
  [1m[36m (158.2ms)[0m  [1mCREATE TABLE "foos" ("id" serial primary key, "name" character varying, "created_at" timestamp NOT NULL, "updated_at" timestamp NOT NULL) [0m
  [1m[35mSQL (0.4ms)[0m  INSERT INTO "schema_migrations" ("version") VALUES ($1)  [["version", "20171008141817"]]
  [1m[36m (17.7ms)[0m  [1mCOMMIT[0m
  [1m[35mActiveRecord::SchemaMigration Load (0.4ms)[0m  SELECT "schema_migrations".* FROM "schema_migrations"
  [1m[36m (45.9ms)[0m  [1mSELECT t2.oid::regclass::text AS to_table, a1.attname AS column, a2.attname AS primary_key, c.conname AS name, c.confupdtype AS on_update, c.confdeltype AS on_delete
FROM pg_constraint c
JOIN pg_class t1 ON c.conrelid = t1.oid
JOIN pg_class t2 ON c.confrelid = t2.oid
JOIN pg_attribute a1 ON a1.attnum = c.conkey[1] AND a1.attrelid = t1.oid
JOIN pg_attribute a2 ON a2.attnum = c.confkey[1] AND a2.attrelid = t2.oid
JOIN pg_namespace t3 ON c.connamespace = t3.oid
WHERE c.contype = 'f'
  AND t1.relname = 'foos'
  AND t3.nspname = ANY (current_schemas(false))
ORDER BY c.conname
[0m
  [1m[36m (0.2ms)[0m  [1mBEGIN[0m
  [1m[35mSQL (14.7ms)[0m  INSERT INTO "foos" ("name", "created_at", "updated_at") VALUES ($1, $2, $3) RETURNING "id"  [["name", "test"], ["created_at", "2017-10-08 14:47:36.803817"], ["updated_at", "2017-10-08 14:47:36.803817"]]
  [1m[36m (0.7ms)[0m  [1mCOMMIT[0m


Started GET "/" for ::1 at 2017-10-08 17:48:28 +0300
  [1m[36mActiveRecord::SchemaMigration Load (0.6ms)[0m  [1mSELECT "schema_migrations".* FROM "schema_migrations"[0m
Processing by Rails::WelcomeController#index as HTML
  Rendered /Users/giyas/.rbenv/versions/2.4.0/lib/ruby/gems/2.4.0/gems/railties-4.2.8/lib/rails/templates/rails/welcome/index.html.erb (2.2ms)
Completed 200 OK in 62ms (Views: 61.7ms | ActiveRecord: 0.0ms)


Started GET "/api/foos" for ::1 at 2017-10-08 17:48:35 +0300
Processing by FoosController#index as JSON
Completed 200 OK in 5ms (ActiveRecord: 0.0ms)


Started GET "/api/foo" for ::1 at 2017-10-08 17:48:43 +0300

ActionController::RoutingError (No route matches [GET] "/api/foo"):
  actionpack (4.2.8) lib/action_dispatch/middleware/debug_exceptions.rb:21:in `call'
  actionpack (4.2.8) lib/action_dispatch/middleware/show_exceptions.rb:30:in `call'
  railties (4.2.8) lib/rails/rack/logger.rb:38:in `call_app'
  railties (4.2.8) lib/rails/rack/logger.rb:20:in `block in call'
  activesupport (4.2.8) lib/active_support/tagged_logging.rb:68:in `block in tagged'
  activesupport (4.2.8) lib/active_support/tagged_logging.rb:26:in `tagged'
  activesupport (4.2.8) lib/active_support/tagged_logging.rb:68:in `tagged'
  railties (4.2.8) lib/rails/rack/logger.rb:20:in `call'
  actionpack (4.2.8) lib/action_dispatch/middleware/request_id.rb:21:in `call'
  rack (1.6.8) lib/rack/runtime.rb:18:in `call'
  activesupport (4.2.8) lib/active_support/cache/strategy/local_cache_middleware.rb:28:in `call'
  rack (1.6.8) lib/rack/lock.rb:17:in `call'
  actionpack (4.2.8) lib/action_dispatch/middleware/static.rb:120:in `call'
  railties (4.2.8) lib/rails/engine.rb:518:in `call'
  railties (4.2.8) lib/rails/application.rb:165:in `call'
  rack (1.6.8) lib/rack/lock.rb:17:in `call'
  rack (1.6.8) lib/rack/content_length.rb:15:in `call'
  rack (1.6.8) lib/rack/handler/webrick.rb:88:in `service'
  /Users/giyas/.rbenv/versions/2.4.0/lib/ruby/2.4.0/webrick/httpserver.rb:140:in `service'
  /Users/giyas/.rbenv/versions/2.4.0/lib/ruby/2.4.0/webrick/httpserver.rb:96:in `run'
  /Users/giyas/.rbenv/versions/2.4.0/lib/ruby/2.4.0/webrick/server.rb:290:in `block in start_thread'


  Rendered /Users/giyas/.rbenv/versions/2.4.0/lib/ruby/gems/2.4.0/gems/actionpack-4.2.8/lib/action_dispatch/middleware/templates/rescues/_trace.html.erb (3.1ms)
  Rendered /Users/giyas/.rbenv/versions/2.4.0/lib/ruby/gems/2.4.0/gems/actionpack-4.2.8/lib/action_dispatch/middleware/templates/routes/_route.html.erb (1.3ms)
  Rendered /Users/giyas/.rbenv/versions/2.4.0/lib/ruby/gems/2.4.0/gems/actionpack-4.2.8/lib/action_dispatch/middleware/templates/routes/_table.html.erb (71.6ms)
  Rendered /Users/giyas/.rbenv/versions/2.4.0/lib/ruby/gems/2.4.0/gems/actionpack-4.2.8/lib/action_dispatch/middleware/templates/rescues/_request_and_response.html.erb (3.0ms)
  Rendered /Users/giyas/.rbenv/versions/2.4.0/lib/ruby/gems/2.4.0/gems/actionpack-4.2.8/lib/action_dispatch/middleware/templates/rescues/routing_error.html.erb within rescues/layout (248.9ms)


Started GET "/api/foos" for ::1 at 2017-10-08 17:48:52 +0300
Processing by FoosController#index as JSON
Completed 200 OK in 0ms (ActiveRecord: 0.0ms)


Started GET "/api/foos/1" for ::1 at 2017-10-08 17:48:58 +0300
Processing by FoosController#show as JSON
  Parameters: {"id"=>"1"}
  [1m[35mFoo Load (0.5ms)[0m  SELECT  "foos".* FROM "foos" WHERE "foos"."id" = $1 LIMIT 1  [["id", 1]]
Completed 200 OK in 17ms (ActiveRecord: 6.0ms)


Started GET "/api/foos/1" for ::1 at 2017-10-08 17:49:25 +0300
Processing by FoosController#show as JSON
  Parameters: {"id"=>"1"}
  [1m[36mFoo Load (1.2ms)[0m  [1mSELECT  "foos".* FROM "foos" WHERE "foos"."id" = $1 LIMIT 1[0m  [["id", 1]]
Completed 200 OK in 2ms (ActiveRecord: 1.2ms)


Started GET "/api/foos/" for ::1 at 2017-10-08 17:49:54 +0300
Processing by FoosController#index as JSON
Completed 200 OK in 0ms (ActiveRecord: 0.0ms)


Started GET "/api/foos/" for ::1 at 2017-10-08 17:51:18 +0300
Processing by FoosController#index as JSON
Completed 200 OK in 0ms (ActiveRecord: 0.0ms)


Started GET "/api/foos/" for ::1 at 2017-10-08 17:56:48 +0300
  [1m[36mActiveRecord::SchemaMigration Load (0.8ms)[0m  [1mSELECT "schema_migrations".* FROM "schema_migrations"[0m
Processing by FoosController#index as JSON
Completed 200 OK in 18ms (ActiveRecord: 0.0ms)


Started GET "/api/foos/" for ::1 at 2017-10-08 17:56:56 +0300
Processing by FoosController#index as JSON
Completed 200 OK in 0ms (ActiveRecord: 0.0ms)


Started GET "/api/foos/" for ::1 at 2017-10-08 18:03:24 +0300
  [1m[36mActiveRecord::SchemaMigration Load (1.0ms)[0m  [1mSELECT "schema_migrations".* FROM "schema_migrations"[0m
Processing by FoosController#index as JSON
  [1m[35mFoo Load (0.7ms)[0m  SELECT "foos".* FROM "foos"
  Rendered foos/_foo.json.jbuilder (2.1ms)
  Rendered foos/index.json.jbuilder (20.8ms)
Completed 200 OK in 58ms (Views: 50.5ms | ActiveRecord: 5.0ms)


Started GET "/api/bars" for ::1 at 2017-10-08 20:04:53 +0300
  [1m[36mActiveRecord::SchemaMigration Load (0.6ms)[0m  [1mSELECT "schema_migrations".* FROM "schema_migrations"[0m
Processing by BarsController#index as JSON
  Rendered bars/index.json.jbuilder (51.9ms)
Completed 200 OK in 113ms (Views: 88.6ms | ActiveRecord: 0.0ms)


Started GET "/api/bars" for ::1 at 2017-10-08 20:06:13 +0300
  [1m[36mActiveRecord::SchemaMigration Load (0.7ms)[0m  [1mSELECT "schema_migrations".* FROM "schema_migrations"[0m
Processing by BarsController#index as JSON
  Rendered bars/_bar.json.jbuilder (30.8ms)
  Rendered bars/index.json.jbuilder (58.3ms)
Completed 500 Internal Server Error in 119ms (ActiveRecord: 0.0ms)

ActionView::Template::Error (undefined method `created_at' for #<Bar _id: 59da5aea8847ee3b59c15d5f, name: "test">
Did you mean?  create_relation):
    1: json.extract! bar, :id, :name, :created_at, :updated_at
    2: json.url bar_url(bar, format: :json)
  app/views/bars/_bar.json.jbuilder:1:in `_app_views_bars__bar_json_jbuilder__1512119281001211538_70327377623920'
  app/views/bars/index.json.jbuilder:1:in `_app_views_bars_index_json_jbuilder___3495347191464214910_70327385538820'


  Rendered /Users/giyas/.rbenv/versions/2.4.0/lib/ruby/gems/2.4.0/gems/actionpack-4.2.8/lib/action_dispatch/middleware/templates/rescues/_source.erb (13.6ms)
  Rendered /Users/giyas/.rbenv/versions/2.4.0/lib/ruby/gems/2.4.0/gems/actionpack-4.2.8/lib/action_dispatch/middleware/templates/rescues/_trace.html.erb (12.4ms)
  Rendered /Users/giyas/.rbenv/versions/2.4.0/lib/ruby/gems/2.4.0/gems/actionpack-4.2.8/lib/action_dispatch/middleware/templates/rescues/_request_and_response.html.erb (1.4ms)
  Rendered /Users/giyas/.rbenv/versions/2.4.0/lib/ruby/gems/2.4.0/gems/actionpack-4.2.8/lib/action_dispatch/middleware/templates/rescues/template_error.html.erb within rescues/layout (158.4ms)


Started GET "/api/bars" for ::1 at 2017-10-08 20:08:57 +0300
  [1m[36mActiveRecord::SchemaMigration Load (1.1ms)[0m  [1mSELECT "schema_migrations".* FROM "schema_migrations"[0m
Processing by BarsController#index as JSON
  Rendered bars/_bar.json.jbuilder (8.6ms)
  Rendered bars/index.json.jbuilder (46.8ms)
Completed 200 OK in 129ms (Views: 103.6ms | ActiveRecord: 0.0ms)


Started GET "/api/foos" for ::1 at 2017-10-08 20:10:16 +0300
Processing by FoosController#index as JSON
  [1m[35mFoo Load (0.7ms)[0m  SELECT "foos".* FROM "foos"
  Rendered foos/_foo.json.jbuilder (1.4ms)
  Rendered foos/index.json.jbuilder (14.6ms)
Completed 200 OK in 53ms (Views: 24.7ms | ActiveRecord: 4.0ms)


Started GET "/api/bars" for ::1 at 2017-10-08 20:10:26 +0300
Processing by BarsController#index as JSON
  Rendered bars/_bar.json.jbuilder (0.5ms)
  Rendered bars/index.json.jbuilder (4.3ms)
Completed 200 OK in 6ms (Views: 6.0ms | ActiveRecord: 0.0ms)


Started GET "/api/bars/1" for ::1 at 2017-10-08 20:10:50 +0300
Processing by BarsController#show as JSON
  Parameters: {"id"=>"1"}
Completed 404 Not Found in 106ms (ActiveRecord: 0.0ms)

Mongoid::Errors::DocumentNotFound (
message:
  Document(s) not found for class Bar with id(s) 1.
summary:
  When calling Bar.find with an id or array of ids, each parameter must match a document in the database or this error will be raised. The search was for the id(s): 1 ... (1 total) and the following ids were not found: 1.
resolution:
  Search for an id that is in the database or set the Mongoid.raise_not_found_error configuration option to false, which will cause a nil to be returned instead of raising this error when searching for a single id, or only the matched documents when searching for multiples.):
  app/controllers/bars_controller.rb:40:in `set_bar'


  Rendered /Users/giyas/.rbenv/versions/2.4.0/lib/ruby/gems/2.4.0/gems/actionpack-4.2.8/lib/action_dispatch/middleware/templates/rescues/_source.erb (7.5ms)
  Rendered /Users/giyas/.rbenv/versions/2.4.0/lib/ruby/gems/2.4.0/gems/actionpack-4.2.8/lib/action_dispatch/middleware/templates/rescues/_trace.html.erb (4.0ms)
  Rendered /Users/giyas/.rbenv/versions/2.4.0/lib/ruby/gems/2.4.0/gems/actionpack-4.2.8/lib/action_dispatch/middleware/templates/rescues/_request_and_response.html.erb (1.4ms)
  Rendered /Users/giyas/.rbenv/versions/2.4.0/lib/ruby/gems/2.4.0/gems/actionpack-4.2.8/lib/action_dispatch/middleware/templates/rescues/diagnostics.html.erb within rescues/layout (153.4ms)


Started GET "/api/bars" for ::1 at 2017-10-08 20:11:00 +0300
Processing by BarsController#index as JSON
  Rendered bars/_bar.json.jbuilder (0.5ms)
  Rendered bars/index.json.jbuilder (4.9ms)
Completed 200 OK in 7ms (Views: 6.7ms | ActiveRecord: 0.0ms)


Started GET "/api/bars" for ::1 at 2017-10-08 20:21:43 +0300
  [1m[36mActiveRecord::SchemaMigration Load (0.6ms)[0m  [1mSELECT "schema_migrations".* FROM "schema_migrations"[0m
Processing by BarsController#index as JSON
  Rendered bars/_bar.json.jbuilder (1.1ms)
  Rendered bars/index.json.jbuilder (58.4ms)
Completed 200 OK in 148ms (Views: 138.4ms | ActiveRecord: 0.0ms)
  [1m[36m (85.7ms)[0m  [1mSELECT COUNT(*) FROM "foos"[0m
  [1m[35m (0.2ms)[0m  BEGIN
  [1m[36mSQL (12.0ms)[0m  [1mINSERT INTO "foos" ("name", "created_at", "updated_at") VALUES ($1, $2, $3) RETURNING "id"[0m  [["name", "test1"], ["created_at", "2017-10-09 08:17:05.588977"], ["updated_at", "2017-10-09 08:17:05.588977"]]
  [1m[35m (1.1ms)[0m  COMMIT
  [1m[36m (0.2ms)[0m  [1mBEGIN[0m
  [1m[35mSQL (0.3ms)[0m  INSERT INTO "foos" ("name", "created_at", "updated_at") VALUES ($1, $2, $3) RETURNING "id"  [["name", "test2"], ["created_at", "2017-10-09 08:17:05.606447"], ["updated_at", "2017-10-09 08:17:05.606447"]]
  [1m[36m (0.5ms)[0m  [1mCOMMIT[0m
  [1m[35m (0.2ms)[0m  BEGIN
  [1m[36mSQL (0.3ms)[0m  [1mINSERT INTO "foos" ("name", "created_at", "updated_at") VALUES ($1, $2, $3) RETURNING "id"[0m  [["name", "test3"], ["created_at", "2017-10-09 08:17:05.609606"], ["updated_at", "2017-10-09 08:17:05.609606"]]
  [1m[35m (0.6ms)[0m  COMMIT
  [1m[36m (0.8ms)[0m  [1mSELECT COUNT(*) FROM "foos"[0m


Started GET "/api/foos" for ::1 at 2017-10-09 11:18:38 +0300
  [1m[36mActiveRecord::SchemaMigration Load (9.4ms)[0m  [1mSELECT "schema_migrations".* FROM "schema_migrations"[0m
Processing by FoosController#index as JSON
  [1m[35mFoo Load (0.7ms)[0m  SELECT "foos".* FROM "foos"
  Rendered foos/_foo.json.jbuilder (1.1ms)
  Rendered foos/_foo.json.jbuilder (0.4ms)
  Rendered foos/_foo.json.jbuilder (0.4ms)
  Rendered foos/_foo.json.jbuilder (0.3ms)
  Rendered foos/index.json.jbuilder (22.0ms)
Completed 200 OK in 37ms (Views: 29.8ms | ActiveRecord: 4.4ms)


Started GET "/api/bars" for ::1 at 2017-10-09 11:21:51 +0300
Processing by BarsController#index as JSON
  Rendered bars/_bar.json.jbuilder (3.3ms)
  Rendered bars/_bar.json.jbuilder (0.5ms)
  Rendered bars/_bar.json.jbuilder (0.4ms)
  Rendered bars/_bar.json.jbuilder (0.3ms)
  Rendered bars/index.json.jbuilder (18.5ms)
Completed 200 OK in 34ms (Views: 26.5ms | ActiveRecord: 0.0ms)


Started POST "/api/bars" for ::1 at 2017-10-09 11:24:33 +0300
Processing by BarsController#create as JSON
  Parameters: {"bar"=>{"name"=>"test2a"}}
  Rendered bars/_bar.json.jbuilder (0.9ms)
  Rendered bars/show.json.jbuilder (2.5ms)
Completed 201 Created in 10ms (Views: 5.1ms | ActiveRecord: 0.0ms)


Started GET "/api/bars/59db32418847ee03ec3ded5c" for ::1 at 2017-10-09 11:26:35 +0300
Processing by BarsController#show as JSON
  Parameters: {"id"=>"59db32418847ee03ec3ded5c"}
  Rendered bars/_bar.json.jbuilder (0.5ms)
  Rendered bars/show.json.jbuilder (1.5ms)
Completed 200 OK in 7ms (Views: 3.2ms | ActiveRecord: 0.0ms)


Started DELETE "/api/bars/59db32418847ee03ec3ded5c" for ::1 at 2017-10-09 11:27:27 +0300
Processing by BarsController#destroy as JSON
  Parameters: {"id"=>"59db32418847ee03ec3ded5c"}
Completed 204 No Content in 6ms (ActiveRecord: 0.0ms)


Started GET "/api/bars/59db32418847ee03ec3ded5c" for ::1 at 2017-10-09 11:27:32 +0300
Processing by BarsController#show as JSON
  Parameters: {"id"=>"59db32418847ee03ec3ded5c"}
Completed 404 Not Found in 86ms (ActiveRecord: 0.0ms)

Mongoid::Errors::DocumentNotFound (
message:
  Document(s) not found for class Bar with id(s) 59db32418847ee03ec3ded5c.
summary:
  When calling Bar.find with an id or array of ids, each parameter must match a document in the database or this error will be raised. The search was for the id(s): 59db32418847ee03ec3ded5c ... (1 total) and the following ids were not found: 59db32418847ee03ec3ded5c.
resolution:
  Search for an id that is in the database or set the Mongoid.raise_not_found_error configuration option to false, which will cause a nil to be returned instead of raising this error when searching for a single id, or only the matched documents when searching for multiples.):
  app/controllers/bars_controller.rb:40:in `set_bar'


  Rendered /Users/giyas/.rbenv/versions/2.4.0/lib/ruby/gems/2.4.0/gems/actionpack-4.2.8/lib/action_dispatch/middleware/templates/rescues/_source.erb (9.2ms)
  Rendered /Users/giyas/.rbenv/versions/2.4.0/lib/ruby/gems/2.4.0/gems/actionpack-4.2.8/lib/action_dispatch/middleware/templates/rescues/_trace.html.erb (3.4ms)
  Rendered /Users/giyas/.rbenv/versions/2.4.0/lib/ruby/gems/2.4.0/gems/actionpack-4.2.8/lib/action_dispatch/middleware/templates/rescues/_request_and_response.html.erb (1.4ms)
  Rendered /Users/giyas/.rbenv/versions/2.4.0/lib/ruby/gems/2.4.0/gems/actionpack-4.2.8/lib/action_dispatch/middleware/templates/rescues/diagnostics.html.erb within rescues/layout (144.3ms)


Started GET "/api/bars/59db32418847ee03ec3ded5c" for ::1 at 2017-10-09 11:29:13 +0300
Processing by BarsController#show as JSON
  Parameters: {"id"=>"59db32418847ee03ec3ded5c"}
Completed 404 Not Found in 8ms (ActiveRecord: 0.0ms)

Mongoid::Errors::DocumentNotFound (
message:
  Document(s) not found for class Bar with id(s) 59db32418847ee03ec3ded5c.
summary:
  When calling Bar.find with an id or array of ids, each parameter must match a document in the database or this error will be raised. The search was for the id(s): 59db32418847ee03ec3ded5c ... (1 total) and the following ids were not found: 59db32418847ee03ec3ded5c.
resolution:
  Search for an id that is in the database or set the Mongoid.raise_not_found_error configuration option to false, which will cause a nil to be returned instead of raising this error when searching for a single id, or only the matched documents when searching for multiples.):
  app/controllers/bars_controller.rb:40:in `set_bar'


  Rendered /Users/giyas/.rbenv/versions/2.4.0/lib/ruby/gems/2.4.0/gems/actionpack-4.2.8/lib/action_dispatch/middleware/templates/rescues/_source.erb (6.7ms)
  Rendered /Users/giyas/.rbenv/versions/2.4.0/lib/ruby/gems/2.4.0/gems/actionpack-4.2.8/lib/action_dispatch/middleware/templates/rescues/_trace.html.erb (4.1ms)
  Rendered /Users/giyas/.rbenv/versions/2.4.0/lib/ruby/gems/2.4.0/gems/actionpack-4.2.8/lib/action_dispatch/middleware/templates/rescues/_request_and_response.html.erb (1.2ms)
  Rendered /Users/giyas/.rbenv/versions/2.4.0/lib/ruby/gems/2.4.0/gems/actionpack-4.2.8/lib/action_dispatch/middleware/templates/rescues/diagnostics.html.erb within rescues/layout (104.8ms)


Started GET "/api/foos" for ::1 at 2017-10-09 12:02:51 +0300
  [1m[36mActiveRecord::SchemaMigration Load (0.5ms)[0m  [1mSELECT "schema_migrations".* FROM "schema_migrations"[0m
Processing by FoosController#index as JSON
  [1m[35mFoo Load (0.7ms)[0m  SELECT "foos".* FROM "foos"
  Rendered foos/_foo.json.jbuilder (1.0ms)
  Rendered foos/_foo.json.jbuilder (0.4ms)
  Rendered foos/_foo.json.jbuilder (0.3ms)
  Rendered foos/_foo.json.jbuilder (0.4ms)
  Rendered foos/index.json.jbuilder (20.6ms)
Completed 200 OK in 40ms (Views: 32.2ms | ActiveRecord: 4.1ms)


Started GET "/api/foos" for ::1 at 2017-10-09 12:11:55 +0300
  [1m[36mActiveRecord::SchemaMigration Load (0.5ms)[0m  [1mSELECT "schema_migrations".* FROM "schema_migrations"[0m
Processing by FoosController#index as JSON
  [1m[35mFoo Load (0.7ms)[0m  SELECT "foos".* FROM "foos"
  Rendered foos/_foo.json.jbuilder (1.2ms)
  Rendered foos/_foo.json.jbuilder (0.4ms)
  Rendered foos/_foo.json.jbuilder (0.4ms)
  Rendered foos/_foo.json.jbuilder (0.5ms)
  Rendered foos/index.json.jbuilder (23.1ms)
Completed 200 OK in 40ms (Views: 30.6ms | ActiveRecord: 5.0ms)


Started GET "/api/foos" for ::1 at 2017-10-09 12:12:52 +0300
Processing by FoosController#index as JSON
  [1m[36mFoo Load (0.4ms)[0m  [1mSELECT "foos".* FROM "foos"[0m
  Rendered foos/_foo.json.jbuilder (0.6ms)
  Rendered foos/_foo.json.jbuilder (0.4ms)
  Rendered foos/_foo.json.jbuilder (0.4ms)
  Rendered foos/_foo.json.jbuilder (0.4ms)
  Rendered foos/index.json.jbuilder (13.3ms)
Completed 200 OK in 15ms (Views: 14.7ms | ActiveRecord: 0.4ms)


Started GET "/api/foos" for ::1 at 2017-10-09 12:15:18 +0300
  [1m[36mActiveRecord::SchemaMigration Load (0.6ms)[0m  [1mSELECT "schema_migrations".* FROM "schema_migrations"[0m
Processing by FoosController#index as JSON
  [1m[35mFoo Load (0.7ms)[0m  SELECT "foos".* FROM "foos"
  Rendered foos/_foo.json.jbuilder (1.0ms)
  Rendered foos/_foo.json.jbuilder (0.6ms)
  Rendered foos/_foo.json.jbuilder (0.4ms)
  Rendered foos/_foo.json.jbuilder (0.4ms)
  Rendered foos/index.json.jbuilder (22.4ms)
Completed 200 OK in 39ms (Views: 29.0ms | ActiveRecord: 5.2ms)


Started GET "/" for ::1 at 2017-10-09 17:24:33 +0300
  [1m[36mActiveRecord::SchemaMigration Load (12.9ms)[0m  [1mSELECT "schema_migrations".* FROM "schema_migrations"[0m
Processing by Rails::WelcomeController#index as HTML
  Rendered /Users/giyas/.rbenv/versions/2.4.0/lib/ruby/gems/2.4.0/gems/railties-4.2.8/lib/rails/templates/rails/welcome/index.html.erb (19.1ms)
Completed 200 OK in 86ms (Views: 85.4ms | ActiveRecord: 0.0ms)


Started GET "/api/foos" for ::1 at 2017-10-09 17:24:41 +0300
Processing by FoosController#index as JSON
  [1m[35mFoo Load (59.5ms)[0m  SELECT "foos".* FROM "foos"
  Rendered foos/_foo.json.jbuilder (2.5ms)
  Rendered foos/_foo.json.jbuilder (1.2ms)
  Rendered foos/_foo.json.jbuilder (1.0ms)
  Rendered foos/_foo.json.jbuilder (1.0ms)
  Rendered foos/index.json.jbuilder (145.1ms)
Completed 200 OK in 160ms (Views: 37.3ms | ActiveRecord: 117.6ms)


Started GET "/api/bars" for ::1 at 2017-10-09 17:24:49 +0300
Processing by BarsController#index as JSON
  Rendered bars/_bar.json.jbuilder (1.2ms)
  Rendered bars/_bar.json.jbuilder (1.1ms)
  Rendered bars/_bar.json.jbuilder (1.2ms)
  Rendered bars/_bar.json.jbuilder (1.1ms)
  Rendered bars/index.json.jbuilder (23.0ms)
Completed 200 OK in 57ms (Views: 48.2ms | ActiveRecord: 0.0ms)


Started GET "/" for ::1 at 2017-10-10 14:08:10 +0300
  [1m[36mActiveRecord::SchemaMigration Load (44.4ms)[0m  [1mSELECT "schema_migrations".* FROM "schema_migrations"[0m
Processing by UiController#index as HTML
  Rendered ui/index.html.erb (2.8ms)
Completed 200 OK in 59ms (Views: 58.4ms | ActiveRecord: 0.0ms)


Started GET "/" for ::1 at 2017-10-10 16:24:48 +0300
  [1m[36mActiveRecord::SchemaMigration Load (1.1ms)[0m  [1mSELECT "schema_migrations".* FROM "schema_migrations"[0m
Processing by UiController#index as HTML
  Rendered ui/index.html.erb (6.3ms)
Completed 200 OK in 63ms (Views: 62.6ms | ActiveRecord: 0.0ms)


Started GET "/api/foos" for ::1 at 2017-10-10 16:24:56 +0300
Processing by FoosController#index as JSON
  [1m[35mFoo Load (50.1ms)[0m  SELECT "foos".* FROM "foos"
  Rendered foos/_foo.json.jbuilder (17.5ms)
  Rendered foos/_foo.json.jbuilder (1.4ms)
  Rendered foos/_foo.json.jbuilder (1.4ms)
  Rendered foos/_foo.json.jbuilder (2.1ms)
  Rendered foos/index.json.jbuilder (410.8ms)
Completed 200 OK in 481ms (Views: 233.9ms | ActiveRecord: 223.1ms)


Started GET "/api/bars" for ::1 at 2017-10-10 16:25:02 +0300
Processing by BarsController#index as JSON
  Rendered bars/_bar.json.jbuilder (1.4ms)
  Rendered bars/_bar.json.jbuilder (1.2ms)
  Rendered bars/_bar.json.jbuilder (1.2ms)
  Rendered bars/_bar.json.jbuilder (1.8ms)
  Rendered bars/index.json.jbuilder (163.0ms)
Completed 200 OK in 212ms (Views: 182.5ms | ActiveRecord: 0.0ms)


Started GET "/" for ::1 at 2017-10-10 16:47:51 +0300
  [1m[36mActiveRecord::SchemaMigration Load (0.6ms)[0m  [1mSELECT "schema_migrations".* FROM "schema_migrations"[0m
Processing by UiController#index as HTML
  Rendered ui/index.html.erb (2.9ms)
Completed 200 OK in 51ms (Views: 50.8ms | ActiveRecord: 0.0ms)


Started GET "/api/foos" for ::1 at 2017-10-10 16:47:59 +0300
Processing by FoosController#index as JSON
  [1m[35mFoo Load (0.7ms)[0m  SELECT "foos".* FROM "foos"
  Rendered foos/_foo.json.jbuilder (12.7ms)
  Rendered foos/_foo.json.jbuilder (1.9ms)
  Rendered foos/_foo.json.jbuilder (1.3ms)
  Rendered foos/_foo.json.jbuilder (1.2ms)
  Rendered foos/index.json.jbuilder (67.8ms)
Completed 200 OK in 99ms (Views: 71.2ms | ActiveRecord: 4.7ms)


Started GET "/api/bars" for ::1 at 2017-10-10 16:48:07 +0300

ActionController::RoutingError (undefined method `wrap_parameters' for BarsController:Class):
  app/controllers/bars_controller.rb:3:in `<class:BarsController>'
  app/controllers/bars_controller.rb:1:in `<top (required)>'


  Rendered /Users/giyas/.rbenv/versions/2.4.0/lib/ruby/gems/2.4.0/gems/actionpack-4.2.8/lib/action_dispatch/middleware/templates/rescues/_trace.html.erb (4.0ms)
  Rendered /Users/giyas/.rbenv/versions/2.4.0/lib/ruby/gems/2.4.0/gems/actionpack-4.2.8/lib/action_dispatch/middleware/templates/routes/_route.html.erb (1.8ms)
  Rendered /Users/giyas/.rbenv/versions/2.4.0/lib/ruby/gems/2.4.0/gems/actionpack-4.2.8/lib/action_dispatch/middleware/templates/routes/_table.html.erb (69.1ms)
  Rendered /Users/giyas/.rbenv/versions/2.4.0/lib/ruby/gems/2.4.0/gems/actionpack-4.2.8/lib/action_dispatch/middleware/templates/rescues/_request_and_response.html.erb (1.5ms)
  Rendered /Users/giyas/.rbenv/versions/2.4.0/lib/ruby/gems/2.4.0/gems/actionpack-4.2.8/lib/action_dispatch/middleware/templates/rescues/routing_error.html.erb within rescues/layout (258.2ms)


Started GET "/api/bars" for ::1 at 2017-10-10 16:49:09 +0300
  [1m[36mActiveRecord::SchemaMigration Load (0.7ms)[0m  [1mSELECT "schema_migrations".* FROM "schema_migrations"[0m
Processing by BarsController#index as JSON
  Rendered bars/_bar.json.jbuilder (1.2ms)
  Rendered bars/_bar.json.jbuilder (1.2ms)
  Rendered bars/_bar.json.jbuilder (1.5ms)
  Rendered bars/_bar.json.jbuilder (1.0ms)
  Rendered bars/index.json.jbuilder (59.5ms)
Completed 200 OK in 155ms (Views: 119.2ms | ActiveRecord: 0.0ms)


Started GET "/api/bars" for ::1 at 2017-10-10 16:49:30 +0300
Processing by BarsController#index as JSON
  Rendered bars/_bar.json.jbuilder (0.4ms)
  Rendered bars/_bar.json.jbuilder (1.1ms)
  Rendered bars/_bar.json.jbuilder (3.0ms)
  Rendered bars/_bar.json.jbuilder (1.1ms)
  Rendered bars/index.json.jbuilder (14.7ms)
Completed 200 OK in 17ms (Views: 16.9ms | ActiveRecord: 0.0ms)
