I, [2017-10-13T14:30:34.342162 #3100]  INFO -- : Started GET "/foos" for ::1 at 2017-10-13 14:30:34 +0300
I, [2017-10-13T14:30:34.361014 #3100]  INFO -- : Processing by FoosController#index as HTML
D, [2017-10-13T14:30:34.407375 #3100] DEBUG -- :   [1m[36mFoo Load (0.6ms)[0m  [1mSELECT "foos".* FROM "foos"[0m
I, [2017-10-13T14:30:34.409450 #3100]  INFO -- :   Rendered foos/index.html.erb within layouts/application (4.1ms)
I, [2017-10-13T14:30:34.409668 #3100]  INFO -- : Completed 500 Internal Server Error in 48ms (ActiveRecord: 0.6ms)
F, [2017-10-13T14:30:34.411230 #3100] FATAL -- : 
ActionView::Template::Error (SQLite3::SQLException: no such table: foos: SELECT "foos".* FROM "foos"):
    11:   </thead>
    12: 
    13:   <tbody>
    14:     <% @foos.each do |foo| %>
    15:       <tr>
    16:         <td><%= foo.name %></td>
    17:         <td><%= link_to 'Show', foo %></td>
  app/views/foos/index.html.erb:14:in `_app_views_foos_index_html_erb__3574138754743629762_70119348980020'


I, [2017-10-13T14:30:34.777401 #3100]  INFO -- : Started GET "/favicon.ico" for ::1 at 2017-10-13 14:30:34 +0300
F, [2017-10-13T14:30:34.778416 #3100] FATAL -- : 
ActionController::RoutingError (No route matches [GET] "/favicon.ico"):
  actionpack (4.2.8) lib/action_dispatch/middleware/debug_exceptions.rb:21:in `call'
  actionpack (4.2.8) lib/action_dispatch/middleware/show_exceptions.rb:30:in `call'
  railties (4.2.8) lib/rails/rack/logger.rb:38:in `call_app'
  railties (4.2.8) lib/rails/rack/logger.rb:20:in `block in call'
  activesupport (4.2.8) lib/active_support/tagged_logging.rb:68:in `block in tagged'
  activesupport (4.2.8) lib/active_support/tagged_logging.rb:26:in `tagged'
  activesupport (4.2.8) lib/active_support/tagged_logging.rb:68:in `tagged'
  railties (4.2.8) lib/rails/rack/logger.rb:20:in `call'
  actionpack (4.2.8) lib/action_dispatch/middleware/request_id.rb:21:in `call'
  rack (1.6.8) lib/rack/methodoverride.rb:22:in `call'
  rack (1.6.8) lib/rack/runtime.rb:18:in `call'
  activesupport (4.2.8) lib/active_support/cache/strategy/local_cache_middleware.rb:28:in `call'
  rack (1.6.8) lib/rack/sendfile.rb:113:in `call'
  railties (4.2.8) lib/rails/engine.rb:518:in `call'
  railties (4.2.8) lib/rails/application.rb:165:in `call'
  rack (1.6.8) lib/rack/lock.rb:17:in `call'
  rack (1.6.8) lib/rack/content_length.rb:15:in `call'
  rack (1.6.8) lib/rack/handler/webrick.rb:88:in `service'
  /Users/giyas/.rbenv/versions/2.4.0/lib/ruby/2.4.0/webrick/httpserver.rb:140:in `service'
  /Users/giyas/.rbenv/versions/2.4.0/lib/ruby/2.4.0/webrick/httpserver.rb:96:in `run'
  /Users/giyas/.rbenv/versions/2.4.0/lib/ruby/2.4.0/webrick/server.rb:290:in `block in start_thread'


I, [2017-10-13T14:30:41.335653 #3100]  INFO -- : Started GET "/" for ::1 at 2017-10-13 14:30:41 +0300
F, [2017-10-13T14:30:41.336919 #3100] FATAL -- : 
ActionController::RoutingError (No route matches [GET] "/"):
  actionpack (4.2.8) lib/action_dispatch/middleware/debug_exceptions.rb:21:in `call'
  actionpack (4.2.8) lib/action_dispatch/middleware/show_exceptions.rb:30:in `call'
  railties (4.2.8) lib/rails/rack/logger.rb:38:in `call_app'
  railties (4.2.8) lib/rails/rack/logger.rb:20:in `block in call'
  activesupport (4.2.8) lib/active_support/tagged_logging.rb:68:in `block in tagged'
  activesupport (4.2.8) lib/active_support/tagged_logging.rb:26:in `tagged'
  activesupport (4.2.8) lib/active_support/tagged_logging.rb:68:in `tagged'
  railties (4.2.8) lib/rails/rack/logger.rb:20:in `call'
  actionpack (4.2.8) lib/action_dispatch/middleware/request_id.rb:21:in `call'
  rack (1.6.8) lib/rack/methodoverride.rb:22:in `call'
  rack (1.6.8) lib/rack/runtime.rb:18:in `call'
  activesupport (4.2.8) lib/active_support/cache/strategy/local_cache_middleware.rb:28:in `call'
  rack (1.6.8) lib/rack/sendfile.rb:113:in `call'
  railties (4.2.8) lib/rails/engine.rb:518:in `call'
  railties (4.2.8) lib/rails/application.rb:165:in `call'
  rack (1.6.8) lib/rack/lock.rb:17:in `call'
  rack (1.6.8) lib/rack/content_length.rb:15:in `call'
  rack (1.6.8) lib/rack/handler/webrick.rb:88:in `service'
  /Users/giyas/.rbenv/versions/2.4.0/lib/ruby/2.4.0/webrick/httpserver.rb:140:in `service'
  /Users/giyas/.rbenv/versions/2.4.0/lib/ruby/2.4.0/webrick/httpserver.rb:96:in `run'
  /Users/giyas/.rbenv/versions/2.4.0/lib/ruby/2.4.0/webrick/server.rb:290:in `block in start_thread'


